# JRE version: OpenJDK Runtime Environment (11.0.5+10) (build 11.0.5+10-b520.38)
# Java VM: OpenJDK 64-Bit Server VM (11.0.5+10-b520.38, mixed mode, sharing, tiered, compressed oops, concurrent mark sweep gc, windows-amd64)
Heap:
 par new generation   total 39296K, used 27239K [0x00000000c0c00000, 0x00000000c36a0000, 0x00000000d58c0000)
  eden space 34944K,  77% used [0x00000000c0c00000, 0x00000000c2699678, 0x00000000c2e20000)
  from space 4352K,   0% used [0x00000000c3260000, 0x00000000c3260810, 0x00000000c36a0000)
  to   space 4352K,   0% used [0x00000000c2e20000, 0x00000000c2e20000, 0x00000000c3260000)
 concurrent mark-sweep generation total 87424K, used 689K [0x00000000d58c0000, 0x00000000dae20000, 0x0000000100000000)
 Metaspace       used 279K, capacity 4550K, committed 4864K, reserved 1056768K
  class space    used 15K, capacity 386K, committed 512K, reserved 1048576K
GC Heap History (20 events):
Event: 3220.336 GC heap before
{Heap before GC invocations=8385 (full 0):
 par new generation   total 39296K, used 34946K [0x00000000c0c00000, 0x00000000c36a0000, 0x00000000d58c0000)
  eden space 34944K, 100% used [0x00000000c0c00000, 0x00000000c2e20000, 0x00000000c2e20000)
  from space 4352K,   0% used [0x00000000c3260000, 0x00000000c3260810, 0x00000000c36a0000)
  to   space 4352K,   0% used [0x00000000c2e20000, 0x00000000c2e20000, 0x00000000c3260000)
 concurrent mark-sweep generation total 87424K, used 689K [0x00000000d58c0000, 0x00000000dae20000, 0x0000000100000000)
 Metaspace       used 279K, capacity 4550K, committed 4864K, reserved 1056768K
  class space    used 15K, capacity 386K, committed 512K, reserved 1048576K
}
Event: 3220.336 GC heap after
{Heap after GC invocations=8386 (full 0):
 par new generation   total 39296K, used 2K [0x00000000c0c00000, 0x00000000c36a0000, 0x00000000d58c0000)
  eden space 34944K,   0% used [0x00000000c0c00000, 0x00000000c0c00000, 0x00000000c2e20000)
  from space 4352K,   0% used [0x00000000c2e20000, 0x00000000c2e20810, 0x00000000c3260000)
  to   space 4352K,   0% used [0x00000000c3260000, 0x00000000c3260000, 0x00000000c36a0000)
 concurrent mark-sweep generation total 87424K, used 689K [0x00000000d58c0000, 0x00000000dae20000, 0x0000000100000000)
 Metaspace       used 279K, capacity 4550K, committed 4864K, reserved 1056768K
  class space    used 15K, capacity 386K, committed 512K, reserved 1048576K
}
Event: 3220.754 GC heap before
{Heap before GC invocations=8386 (full 0):
 par new generation   total 39296K, used 34946K [0x00000000c0c00000, 0x00000000c36a0000, 0x00000000d58c0000)
  eden space 34944K, 100% used [0x00000000c0c00000, 0x00000000c2e20000, 0x00000000c2e20000)
  from space 4352K,   0% used [0x00000000c2e20000, 0x00000000c2e20810, 0x00000000c3260000)
  to   space 4352K,   0% used [0x00000000c3260000, 0x00000000c3260000, 0x00000000c36a0000)
 concurrent mark-sweep generation total 87424K, used 689K [0x00000000d58c0000, 0x00000000dae20000, 0x0000000100000000)
 Metaspace       used 279K, capacity 4550K, committed 4864K, reserved 1056768K
  class space    used 15K, capacity 386K, committed 512K, reserved 1048576K
}
Event: 3220.754 GC heap after
{Heap after GC invocations=8387 (full 0):
 par new generation   total 39296K, used 2K [0x00000000c0c00000, 0x00000000c36a0000, 0x00000000d58c0000)
  eden space 34944K,   0% used [0x00000000c0c00000, 0x00000000c0c00000, 0x00000000c2e20000)
  from space 4352K,   0% used [0x00000000c3260000, 0x00000000c3260810, 0x00000000c36a0000)
  to   space 4352K,   0% used [0x00000000c2e20000, 0x00000000c2e20000, 0x00000000c3260000)
 concurrent mark-sweep generation total 87424K, used 689K [0x00000000d58c0000, 0x00000000dae20000, 0x0000000100000000)
 Metaspace       used 279K, capacity 4550K, committed 4864K, reserved 1056768K
  class space    used 15K, capacity 386K, committed 512K, reserved 1048576K
}
Event: 3221.218 GC heap before
{Heap before GC invocations=8387 (full 0):
 par new generation   total 39296K, used 34946K [0x00000000c0c00000, 0x00000000c36a0000, 0x00000000d58c0000)
  eden space 34944K, 100% used [0x00000000c0c00000, 0x00000000c2e20000, 0x00000000c2e20000)
  from space 4352K,   0% used [0x00000000c3260000, 0x00000000c3260810, 0x00000000c36a0000)
  to   space 4352K,   0% used [0x00000000c2e20000, 0x00000000c2e20000, 0x00000000c3260000)
 concurrent mark-sweep generation total 87424K, used 689K [0x00000000d58c0000, 0x00000000dae20000, 0x0000000100000000)
 Metaspace       used 279K, capacity 4550K, committed 4864K, reserved 1056768K
  class space    used 15K, capacity 386K, committed 512K, reserved 1048576K
}
Event: 3221.218 GC heap after
{Heap after GC invocations=8388 (full 0):
 par new generation   total 39296K, used 2K [0x00000000c0c00000, 0x00000000c36a0000, 0x00000000d58c0000)
  eden space 34944K,   0% used [0x00000000c0c00000, 0x00000000c0c00000, 0x00000000c2e20000)
  from space 4352K,   0% used [0x00000000c2e20000, 0x00000000c2e20810, 0x00000000c3260000)
  to   space 4352K,   0% used [0x00000000c3260000, 0x00000000c3260000, 0x00000000c36a0000)
 concurrent mark-sweep generation total 87424K, used 689K [0x00000000d58c0000, 0x00000000dae20000, 0x0000000100000000)
 Metaspace       used 279K, capacity 4550K, committed 4864K, reserved 1056768K
  class space    used 15K, capacity 386K, committed 512K, reserved 1048576K
}
Event: 3222.215 GC heap before
{Heap before GC invocations=8388 (full 0):
 par new generation   total 39296K, used 34946K [0x00000000c0c00000, 0x00000000c36a0000, 0x00000000d58c0000)
  eden space 34944K, 100% used [0x00000000c0c00000, 0x00000000c2e20000, 0x00000000c2e20000)
  from space 4352K,   0% used [0x00000000c2e20000, 0x00000000c2e20810, 0x00000000c3260000)
  to   space 4352K,   0% used [0x00000000c3260000, 0x00000000c3260000, 0x00000000c36a0000)
 concurrent mark-sweep generation total 87424K, used 689K [0x00000000d58c0000, 0x00000000dae20000, 0x0000000100000000)
 Metaspace       used 279K, capacity 4550K, committed 4864K, reserved 1056768K
  class space    used 15K, capacity 386K, committed 512K, reserved 1048576K
}
Event: 3222.216 GC heap after
{Heap after GC invocations=8389 (full 0):
 par new generation   total 39296K, used 2K [0x00000000c0c00000, 0x00000000c36a0000, 0x00000000d58c0000)
  eden space 34944K,   0% used [0x00000000c0c00000, 0x00000000c0c00000, 0x00000000c2e20000)
  from space 4352K,   0% used [0x00000000c3260000, 0x00000000c3260810, 0x00000000c36a0000)
  to   space 4352K,   0% used [0x00000000c2e20000, 0x00000000c2e20000, 0x00000000c3260000)
 concurrent mark-sweep generation total 87424K, used 689K [0x00000000d58c0000, 0x00000000dae20000, 0x0000000100000000)
 Metaspace       used 279K, capacity 4550K, committed 4864K, reserved 1056768K
  class space    used 15K, capacity 386K, committed 512K, reserved 1048576K
}
Event: 3222.800 GC heap before
{Heap before GC invocations=8389 (full 0):
 par new generation   total 39296K, used 34946K [0x00000000c0c00000, 0x00000000c36a0000, 0x00000000d58c0000)
  eden space 34944K, 100% used [0x00000000c0c00000, 0x00000000c2e20000, 0x00000000c2e20000)
  from space 4352K,   0% used [0x00000000c3260000, 0x00000000c3260810, 0x00000000c36a0000)
  to   space 4352K,   0% used [0x00000000c2e20000, 0x00000000c2e20000, 0x00000000c3260000)
 concurrent mark-sweep generation total 87424K, used 689K [0x00000000d58c0000, 0x00000000dae20000, 0x0000000100000000)
 Metaspace       used 279K, capacity 4550K, committed 4864K, reserved 1056768K
  class space    used 15K, capacity 386K, committed 512K, reserved 1048576K
}
Event: 3222.801 GC heap after
{Heap after GC invocations=8390 (full 0):
 par new generation   total 39296K, used 2K [0x00000000c0c00000, 0x00000000c36a0000, 0x00000000d58c0000)
  eden space 34944K,   0% used [0x00000000c0c00000, 0x00000000c0c00000, 0x00000000c2e20000)
  from space 4352K,   0% used [0x00000000c2e20000, 0x00000000c2e20810, 0x00000000c3260000)
  to   space 4352K,   0% used [0x00000000c3260000, 0x00000000c3260000, 0x00000000c36a0000)
 concurrent mark-sweep generation total 87424K, used 689K [0x00000000d58c0000, 0x00000000dae20000, 0x0000000100000000)
 Metaspace       used 279K, capacity 4550K, committed 4864K, reserved 1056768K
  class space    used 15K, capacity 386K, committed 512K, reserved 1048576K
}
Event: 3223.261 GC heap before
{Heap before GC invocations=8390 (full 0):
 par new generation   total 39296K, used 34946K [0x00000000c0c00000, 0x00000000c36a0000, 0x00000000d58c0000)
  eden space 34944K, 100% used [0x00000000c0c00000, 0x00000000c2e20000, 0x00000000c2e20000)
  from space 4352K,   0% used [0x00000000c2e20000, 0x00000000c2e20810, 0x00000000c3260000)
  to   space 4352K,   0% used [0x00000000c3260000, 0x00000000c3260000, 0x00000000c36a0000)
 concurrent mark-sweep generation total 87424K, used 689K [0x00000000d58c0000, 0x00000000dae20000, 0x0000000100000000)
 Metaspace       used 279K, capacity 4550K, committed 4864K, reserved 1056768K
  class space    used 15K, capacity 386K, committed 512K, reserved 1048576K
}
Event: 3223.261 GC heap after
{Heap after GC invocations=8391 (full 0):
 par new generation   total 39296K, used 2K [0x00000000c0c00000, 0x00000000c36a0000, 0x00000000d58c0000)
  eden space 34944K,   0% used [0x00000000c0c00000, 0x00000000c0c00000, 0x00000000c2e20000)
  from space 4352K,   0% used [0x00000000c3260000, 0x00000000c3260810, 0x00000000c36a0000)
  to   space 4352K,   0% used [0x00000000c2e20000, 0x00000000c2e20000, 0x00000000c3260000)
 concurrent mark-sweep generation total 87424K, used 689K [0x00000000d58c0000, 0x00000000dae20000, 0x0000000100000000)
 Metaspace       used 279K, capacity 4550K, committed 4864K, reserved 1056768K
  class space    used 15K, capacity 386K, committed 512K, reserved 1048576K
}
Event: 3223.702 GC heap before
{Heap before GC invocations=8391 (full 0):
 par new generation   total 39296K, used 34946K [0x00000000c0c00000, 0x00000000c36a0000, 0x00000000d58c0000)
  eden space 34944K, 100% used [0x00000000c0c00000, 0x00000000c2e20000, 0x00000000c2e20000)
  from space 4352K,   0% used [0x00000000c3260000, 0x00000000c3260810, 0x00000000c36a0000)
  to   space 4352K,   0% used [0x00000000c2e20000, 0x00000000c2e20000, 0x00000000c3260000)
 concurrent mark-sweep generation total 87424K, used 689K [0x00000000d58c0000, 0x00000000dae20000, 0x0000000100000000)
 Metaspace       used 279K, capacity 4550K, committed 4864K, reserved 1056768K
  class space    used 15K, capacity 386K, committed 512K, reserved 1048576K
}
Event: 3223.703 GC heap after
{Heap after GC invocations=8392 (full 0):
 par new generation   total 39296K, used 2K [0x00000000c0c00000, 0x00000000c36a0000, 0x00000000d58c0000)
  eden space 34944K,   0% used [0x00000000c0c00000, 0x00000000c0c00000, 0x00000000c2e20000)
  from space 4352K,   0% used [0x00000000c2e20000, 0x00000000c2e20810, 0x00000000c3260000)
  to   space 4352K,   0% used [0x00000000c3260000, 0x00000000c3260000, 0x00000000c36a0000)
 concurrent mark-sweep generation total 87424K, used 689K [0x00000000d58c0000, 0x00000000dae20000, 0x0000000100000000)
 Metaspace       used 279K, capacity 4550K, committed 4864K, reserved 1056768K
  class space    used 15K, capacity 386K, committed 512K, reserved 1048576K
}
Event: 3224.083 GC heap before
{Heap before GC invocations=8392 (full 0):
 par new generation   total 39296K, used 34946K [0x00000000c0c00000, 0x00000000c36a0000, 0x00000000d58c0000)
  eden space 34944K, 100% used [0x00000000c0c00000, 0x00000000c2e20000, 0x00000000c2e20000)
  from space 4352K,   0% used [0x00000000c2e20000, 0x00000000c2e20810, 0x00000000c3260000)
  to   space 4352K,   0% used [0x00000000c3260000, 0x00000000c3260000, 0x00000000c36a0000)
 concurrent mark-sweep generation total 87424K, used 689K [0x00000000d58c0000, 0x00000000dae20000, 0x0000000100000000)
 Metaspace       used 279K, capacity 4550K, committed 4864K, reserved 1056768K
  class space    used 15K, capacity 386K, committed 512K, reserved 1048576K
}
Event: 3224.084 GC heap after
{Heap after GC invocations=8393 (full 0):
 par new generation   total 39296K, used 2K [0x00000000c0c00000, 0x00000000c36a0000, 0x00000000d58c0000)
  eden space 34944K,   0% used [0x00000000c0c00000, 0x00000000c0c00000, 0x00000000c2e20000)
  from space 4352K,   0% used [0x00000000c3260000, 0x00000000c3260810, 0x00000000c36a0000)
  to   space 4352K,   0% used [0x00000000c2e20000, 0x00000000c2e20000, 0x00000000c3260000)
 concurrent mark-sweep generation total 87424K, used 689K [0x00000000d58c0000, 0x00000000dae20000, 0x0000000100000000)
 Metaspace       used 279K, capacity 4550K, committed 4864K, reserved 1056768K
  class space    used 15K, capacity 386K, committed 512K, reserved 1048576K
}
Event: 3224.556 GC heap before
{Heap before GC invocations=8393 (full 0):
 par new generation   total 39296K, used 34946K [0x00000000c0c00000, 0x00000000c36a0000, 0x00000000d58c0000)
  eden space 34944K, 100% used [0x00000000c0c00000, 0x00000000c2e20000, 0x00000000c2e20000)
  from space 4352K,   0% used [0x00000000c3260000, 0x00000000c3260810, 0x00000000c36a0000)
  to   space 4352K,   0% used [0x00000000c2e20000, 0x00000000c2e20000, 0x00000000c3260000)
 concurrent mark-sweep generation total 87424K, used 689K [0x00000000d58c0000, 0x00000000dae20000, 0x0000000100000000)
 Metaspace       used 279K, capacity 4550K, committed 4864K, reserved 1056768K
  class space    used 15K, capacity 386K, committed 512K, reserved 1048576K
}
Event: 3224.556 GC heap after
{Heap after GC invocations=8394 (full 0):
 par new generation   total 39296K, used 2K [0x00000000c0c00000, 0x00000000c36a0000, 0x00000000d58c0000)
  eden space 34944K,   0% used [0x00000000c0c00000, 0x00000000c0c00000, 0x00000000c2e20000)
  from space 4352K,   0% used [0x00000000c2e20000, 0x00000000c2e20810, 0x00000000c3260000)
  to   space 4352K,   0% used [0x00000000c3260000, 0x00000000c3260000, 0x00000000c36a0000)
 concurrent mark-sweep generation total 87424K, used 689K [0x00000000d58c0000, 0x00000000dae20000, 0x0000000100000000)
 Metaspace       used 279K, capacity 4550K, committed 4864K, reserved 1056768K
  class space    used 15K, capacity 386K, committed 512K, reserved 1048576K
}
Event: 3225.102 GC heap before
{Heap before GC invocations=8394 (full 0):
 par new generation   total 39296K, used 34946K [0x00000000c0c00000, 0x00000000c36a0000, 0x00000000d58c0000)
  eden space 34944K, 100% used [0x00000000c0c00000, 0x00000000c2e20000, 0x00000000c2e20000)
  from space 4352K,   0% used [0x00000000c2e20000, 0x00000000c2e20810, 0x00000000c3260000)
  to   space 4352K,   0% used [0x00000000c3260000, 0x00000000c3260000, 0x00000000c36a0000)
 concurrent mark-sweep generation total 87424K, used 689K [0x00000000d58c0000, 0x00000000dae20000, 0x0000000100000000)
 Metaspace       used 279K, capacity 4550K, committed 4864K, reserved 1056768K
  class space    used 15K, capacity 386K, committed 512K, reserved 1048576K
}
Event: 3225.103 GC heap after
{Heap after GC invocations=8395 (full 0):
 par new generation   total 39296K, used 2K [0x00000000c0c00000, 0x00000000c36a0000, 0x00000000d58c0000)
  eden space 34944K,   0% used [0x00000000c0c00000, 0x00000000c0c00000, 0x00000000c2e20000)
  from space 4352K,   0% used [0x00000000c3260000, 0x00000000c3260810, 0x00000000c36a0000)
  to   space 4352K,   0% used [0x00000000c2e20000, 0x00000000c2e20000, 0x00000000c3260000)
 concurrent mark-sweep generation total 87424K, used 689K [0x00000000d58c0000, 0x00000000dae20000, 0x0000000100000000)
 Metaspace       used 279K, capacity 4550K, committed 4864K, reserved 1056768K
  class space    used 15K, capacity 386K, committed 512K, reserved 1048576K
}

